<?xml version="1.0" encoding="UTF-8"?>
<coverage generated="1600148618928" clover="3.2.0">
  <project timestamp="1600148618929" name="All files">
    <metrics statements="129" coveredstatements="4" conditionals="66" coveredconditionals="0" methods="37" coveredmethods="2" elements="232" coveredelements="6" complexity="0" loc="129" ncloc="129" packages="1" files="1" classes="1"/>
    <file name="net.ts" path="/Users/flyteng/Desktop/workspace/office/react-demo-project/src/net.ts">
      <metrics statements="129" coveredstatements="4" conditionals="66" coveredconditionals="0" methods="37" coveredmethods="2"/>
      <line num="86" count="1" type="stmt"/>
      <line num="94" count="1" type="stmt"/>
      <line num="97" count="1" type="stmt"/>
      <line num="108" count="0" type="cond" truecount="0" falsecount="2"/>
      <line num="109" count="0" type="stmt"/>
      <line num="111" count="0" type="stmt"/>
      <line num="112" count="0" type="stmt"/>
      <line num="113" count="0" type="cond" truecount="0" falsecount="2"/>
      <line num="114" count="0" type="stmt"/>
      <line num="116" count="0" type="stmt"/>
      <line num="117" count="0" type="stmt"/>
      <line num="118" count="0" type="stmt"/>
      <line num="119" count="0" type="stmt"/>
      <line num="121" count="0" type="stmt"/>
      <line num="132" count="0" type="stmt"/>
      <line num="133" count="0" type="stmt"/>
      <line num="134" count="0" type="stmt"/>
      <line num="135" count="0" type="stmt"/>
      <line num="136" count="0" type="cond" truecount="0" falsecount="2"/>
      <line num="137" count="0" type="stmt"/>
      <line num="139" count="0" type="stmt"/>
      <line num="150" count="0" type="stmt"/>
      <line num="151" count="0" type="cond" truecount="0" falsecount="2"/>
      <line num="152" count="0" type="stmt"/>
      <line num="154" count="0" type="stmt"/>
      <line num="155" count="0" type="stmt"/>
      <line num="156" count="0" type="stmt"/>
      <line num="167" count="1" type="stmt"/>
      <line num="181" count="0" type="cond" truecount="0" falsecount="2"/>
      <line num="182" count="0" type="stmt"/>
      <line num="184" count="0" type="stmt"/>
      <line num="187" count="0" type="cond" truecount="0" falsecount="4"/>
      <line num="188" count="0" type="stmt"/>
      <line num="190" count="0" type="cond" truecount="0" falsecount="4"/>
      <line num="191" count="0" type="stmt"/>
      <line num="193" count="0" type="cond" truecount="0" falsecount="2"/>
      <line num="195" count="0" type="stmt"/>
      <line num="206" count="0" type="stmt"/>
      <line num="209" count="0" type="stmt"/>
      <line num="210" count="0" type="stmt"/>
      <line num="211" count="0" type="stmt"/>
      <line num="212" count="0" type="cond" truecount="0" falsecount="2"/>
      <line num="213" count="0" type="stmt"/>
      <line num="216" count="0" type="stmt"/>
      <line num="220" count="0" type="stmt"/>
      <line num="221" count="0" type="stmt"/>
      <line num="222" count="0" type="stmt"/>
      <line num="223" count="0" type="cond" truecount="0" falsecount="2"/>
      <line num="224" count="0" type="cond" truecount="0" falsecount="2"/>
      <line num="225" count="0" type="stmt"/>
      <line num="228" count="0" type="stmt"/>
      <line num="229" count="0" type="stmt"/>
      <line num="230" count="0" type="stmt"/>
      <line num="232" count="0" type="stmt"/>
      <line num="233" count="0" type="cond" truecount="0" falsecount="4"/>
      <line num="234" count="0" type="stmt"/>
      <line num="236" count="0" type="stmt"/>
      <line num="241" count="0" type="stmt"/>
      <line num="242" count="0" type="stmt"/>
      <line num="243" count="0" type="stmt"/>
      <line num="244" count="0" type="cond" truecount="0" falsecount="2"/>
      <line num="245" count="0" type="cond" truecount="0" falsecount="2"/>
      <line num="246" count="0" type="stmt"/>
      <line num="248" count="0" type="stmt"/>
      <line num="249" count="0" type="stmt"/>
      <line num="250" count="0" type="stmt"/>
      <line num="252" count="0" type="stmt"/>
      <line num="253" count="0" type="cond" truecount="0" falsecount="2"/>
      <line num="254" count="0" type="stmt"/>
      <line num="256" count="0" type="stmt"/>
      <line num="270" count="0" type="stmt"/>
      <line num="271" count="0" type="stmt"/>
      <line num="273" count="0" type="stmt"/>
      <line num="274" count="0" type="stmt"/>
      <line num="275" count="0" type="stmt"/>
      <line num="276" count="0" type="cond" truecount="0" falsecount="2"/>
      <line num="277" count="0" type="stmt"/>
      <line num="309" count="0" type="stmt"/>
      <line num="310" count="0" type="stmt"/>
      <line num="311" count="0" type="stmt"/>
      <line num="312" count="0" type="stmt"/>
      <line num="314" count="0" type="stmt"/>
      <line num="317" count="0" type="stmt"/>
      <line num="319" count="0" type="stmt"/>
      <line num="320" count="0" type="cond" truecount="0" falsecount="2"/>
      <line num="321" count="0" type="stmt"/>
      <line num="322" count="0" type="stmt"/>
      <line num="324" count="0" type="stmt"/>
      <line num="328" count="0" type="stmt"/>
      <line num="332" count="0" type="stmt"/>
      <line num="333" count="0" type="stmt"/>
      <line num="337" count="0" type="stmt"/>
      <line num="338" count="0" type="stmt"/>
      <line num="342" count="0" type="stmt"/>
      <line num="343" count="0" type="stmt"/>
      <line num="347" count="0" type="stmt"/>
      <line num="348" count="0" type="stmt"/>
      <line num="352" count="0" type="stmt"/>
      <line num="353" count="0" type="stmt"/>
      <line num="357" count="0" type="stmt"/>
      <line num="358" count="0" type="stmt"/>
      <line num="364" count="0" type="cond" truecount="0" falsecount="8"/>
      <line num="366" count="0" type="stmt"/>
      <line num="372" count="0" type="stmt"/>
      <line num="377" count="0" type="stmt"/>
      <line num="385" count="0" type="stmt"/>
      <line num="387" count="0" type="stmt"/>
      <line num="388" count="0" type="stmt"/>
      <line num="389" count="0" type="cond" truecount="0" falsecount="2"/>
      <line num="390" count="0" type="stmt"/>
      <line num="392" count="0" type="stmt"/>
      <line num="395" count="0" type="stmt"/>
      <line num="403" count="0" type="stmt"/>
      <line num="405" count="0" type="stmt"/>
      <line num="413" count="0" type="stmt"/>
      <line num="415" count="0" type="stmt"/>
      <line num="427" count="0" type="stmt"/>
      <line num="428" count="0" type="cond" truecount="0" falsecount="4"/>
      <line num="429" count="0" type="stmt"/>
      <line num="431" count="0" type="cond" truecount="0" falsecount="2"/>
      <line num="432" count="0" type="stmt"/>
      <line num="434" count="0" type="stmt"/>
      <line num="448" count="0" type="cond" truecount="0" falsecount="2"/>
      <line num="449" count="0" type="stmt"/>
      <line num="450" count="0" type="stmt"/>
      <line num="454" count="0" type="cond" truecount="0" falsecount="2"/>
      <line num="455" count="0" type="stmt"/>
      <line num="457" count="0" type="stmt"/>
      <line num="459" count="0" type="stmt"/>
    </file>
  </project>
</coverage>
