{"/Users/flyteng/Desktop/workspace/office/react-demo-project/src/net.ts": {"path":"/Users/flyteng/Desktop/workspace/office/react-demo-project/src/net.ts","statementMap":{"0":{"start":{"line":86,"column":44},"end":{"line":93,"column":5}},"1":{"start":{"line":94,"column":38},"end":{"line":94,"column":40}},"2":{"start":{"line":97,"column":8},"end":{"line":97,"column":26}},"3":{"start":{"line":108,"column":8},"end":{"line":110,"column":9}},"4":{"start":{"line":109,"column":12},"end":{"line":109,"column":22}},"5":{"start":{"line":111,"column":30},"end":{"line":111,"column":32}},"6":{"start":{"line":112,"column":31},"end":{"line":112,"column":50}},"7":{"start":{"line":113,"column":8},"end":{"line":115,"column":9}},"8":{"start":{"line":114,"column":12},"end":{"line":114,"column":22}},"9":{"start":{"line":116,"column":8},"end":{"line":120,"column":9}},"10":{"start":{"line":117,"column":29},"end":{"line":117,"column":41}},"11":{"start":{"line":118,"column":26},"end":{"line":118,"column":37}},"12":{"start":{"line":119,"column":12},"end":{"line":119,"column":60}},"13":{"start":{"line":121,"column":8},"end":{"line":121,"column":29}},"14":{"start":{"line":132,"column":20},"end":{"line":132,"column":59}},"15":{"start":{"line":133,"column":21},"end":{"line":133,"column":34}},"16":{"start":{"line":134,"column":22},"end":{"line":134,"column":60}},"17":{"start":{"line":135,"column":20},"end":{"line":135,"column":36}},"18":{"start":{"line":136,"column":8},"end":{"line":138,"column":9}},"19":{"start":{"line":137,"column":12},"end":{"line":137,"column":46}},"20":{"start":{"line":139,"column":8},"end":{"line":139,"column":25}},"21":{"start":{"line":150,"column":22},"end":{"line":150,"column":58}},"22":{"start":{"line":151,"column":8},"end":{"line":153,"column":9}},"23":{"start":{"line":152,"column":12},"end":{"line":152,"column":22}},"24":{"start":{"line":154,"column":8},"end":{"line":154,"column":33}},"25":{"start":{"line":155,"column":27},"end":{"line":155,"column":127}},"26":{"start":{"line":156,"column":8},"end":{"line":156,"column":38}},"27":{"start":{"line":167,"column":8},"end":{"line":169,"column":11}},"28":{"start":{"line":181,"column":8},"end":{"line":183,"column":9}},"29":{"start":{"line":182,"column":12},"end":{"line":182,"column":44}},"30":{"start":{"line":184,"column":40},"end":{"line":184,"column":59}},"31":{"start":{"line":187,"column":8},"end":{"line":194,"column":9}},"32":{"start":{"line":188,"column":12},"end":{"line":188,"column":45}},"33":{"start":{"line":190,"column":12},"end":{"line":192,"column":13}},"34":{"start":{"line":191,"column":16},"end":{"line":191,"column":59}},"35":{"start":{"line":193,"column":12},"end":{"line":193,"column":97}},"36":{"start":{"line":195,"column":8},"end":{"line":195,"column":19}},"37":{"start":{"line":206,"column":24},"end":{"line":208,"column":24}},"38":{"start":{"line":209,"column":18},"end":{"line":209,"column":20}},"39":{"start":{"line":210,"column":8},"end":{"line":215,"column":9}},"40":{"start":{"line":210,"column":21},"end":{"line":210,"column":22}},"41":{"start":{"line":210,"column":30},"end":{"line":210,"column":44}},"42":{"start":{"line":211,"column":12},"end":{"line":211,"column":40}},"43":{"start":{"line":212,"column":12},"end":{"line":214,"column":13}},"44":{"start":{"line":213,"column":16},"end":{"line":213,"column":41}},"45":{"start":{"line":216,"column":8},"end":{"line":216,"column":18}},"46":{"start":{"line":220,"column":8},"end":{"line":237,"column":11}},"47":{"start":{"line":221,"column":40},"end":{"line":221,"column":60}},"48":{"start":{"line":222,"column":12},"end":{"line":222,"column":34}},"49":{"start":{"line":223,"column":12},"end":{"line":226,"column":15}},"50":{"start":{"line":224,"column":32},"end":{"line":224,"column":52}},"51":{"start":{"line":225,"column":16},"end":{"line":225,"column":56}},"52":{"start":{"line":228,"column":12},"end":{"line":231,"column":14}},"53":{"start":{"line":229,"column":41},"end":{"line":229,"column":49}},"54":{"start":{"line":230,"column":16},"end":{"line":230,"column":38}},"55":{"start":{"line":232,"column":12},"end":{"line":232,"column":33}},"56":{"start":{"line":233,"column":12},"end":{"line":235,"column":13}},"57":{"start":{"line":234,"column":16},"end":{"line":234,"column":51}},"58":{"start":{"line":236,"column":12},"end":{"line":236,"column":27}},"59":{"start":{"line":241,"column":8},"end":{"line":257,"column":11}},"60":{"start":{"line":242,"column":40},"end":{"line":242,"column":60}},"61":{"start":{"line":243,"column":12},"end":{"line":243,"column":34}},"62":{"start":{"line":244,"column":12},"end":{"line":247,"column":15}},"63":{"start":{"line":245,"column":32},"end":{"line":245,"column":52}},"64":{"start":{"line":246,"column":16},"end":{"line":246,"column":56}},"65":{"start":{"line":248,"column":12},"end":{"line":251,"column":14}},"66":{"start":{"line":249,"column":41},"end":{"line":249,"column":49}},"67":{"start":{"line":250,"column":16},"end":{"line":250,"column":38}},"68":{"start":{"line":252,"column":12},"end":{"line":252,"column":33}},"69":{"start":{"line":253,"column":12},"end":{"line":255,"column":13}},"70":{"start":{"line":254,"column":16},"end":{"line":254,"column":44}},"71":{"start":{"line":256,"column":12},"end":{"line":256,"column":23}},"72":{"start":{"line":270,"column":29},"end":{"line":270,"column":47}},"73":{"start":{"line":271,"column":20},"end":{"line":271,"column":50}},"74":{"start":{"line":273,"column":31},"end":{"line":279,"column":10}},"75":{"start":{"line":274,"column":26},"end":{"line":278,"column":43}},"76":{"start":{"line":275,"column":16},"end":{"line":275,"column":36}},"77":{"start":{"line":276,"column":16},"end":{"line":276,"column":77}},"78":{"start":{"line":277,"column":16},"end":{"line":277,"column":42}},"79":{"start":{"line":309,"column":23},"end":{"line":326,"column":9}},"80":{"start":{"line":310,"column":12},"end":{"line":325,"column":15}},"81":{"start":{"line":311,"column":16},"end":{"line":315,"column":19}},"82":{"start":{"line":312,"column":20},"end":{"line":312,"column":33}},"83":{"start":{"line":314,"column":20},"end":{"line":314,"column":32}},"84":{"start":{"line":317,"column":16},"end":{"line":317,"column":44}},"85":{"start":{"line":319,"column":16},"end":{"line":319,"column":48}},"86":{"start":{"line":320,"column":16},"end":{"line":323,"column":17}},"87":{"start":{"line":321,"column":20},"end":{"line":321,"column":28}},"88":{"start":{"line":322,"column":20},"end":{"line":322,"column":36}},"89":{"start":{"line":324,"column":16},"end":{"line":324,"column":43}},"90":{"start":{"line":328,"column":8},"end":{"line":328,"column":24}},"91":{"start":{"line":332,"column":20},"end":{"line":332,"column":68}},"92":{"start":{"line":333,"column":8},"end":{"line":333,"column":60}},"93":{"start":{"line":337,"column":20},"end":{"line":337,"column":68}},"94":{"start":{"line":338,"column":8},"end":{"line":338,"column":65}},"95":{"start":{"line":342,"column":20},"end":{"line":342,"column":68}},"96":{"start":{"line":343,"column":8},"end":{"line":343,"column":61}},"97":{"start":{"line":347,"column":20},"end":{"line":347,"column":68}},"98":{"start":{"line":348,"column":8},"end":{"line":348,"column":63}},"99":{"start":{"line":352,"column":20},"end":{"line":352,"column":68}},"100":{"start":{"line":353,"column":8},"end":{"line":353,"column":60}},"101":{"start":{"line":357,"column":20},"end":{"line":357,"column":68}},"102":{"start":{"line":358,"column":8},"end":{"line":358,"column":63}},"103":{"start":{"line":364,"column":8},"end":{"line":416,"column":9}},"104":{"start":{"line":366,"column":16},"end":{"line":372,"column":69}},"105":{"start":{"line":372,"column":38},"end":{"line":372,"column":67}},"106":{"start":{"line":377,"column":16},"end":{"line":385,"column":69}},"107":{"start":{"line":385,"column":38},"end":{"line":385,"column":67}},"108":{"start":{"line":387,"column":16},"end":{"line":387,"column":42}},"109":{"start":{"line":388,"column":16},"end":{"line":394,"column":17}},"110":{"start":{"line":389,"column":20},"end":{"line":393,"column":21}},"111":{"start":{"line":390,"column":24},"end":{"line":390,"column":72}},"112":{"start":{"line":392,"column":24},"end":{"line":392,"column":56}},"113":{"start":{"line":395,"column":16},"end":{"line":403,"column":69}},"114":{"start":{"line":403,"column":38},"end":{"line":403,"column":67}},"115":{"start":{"line":405,"column":16},"end":{"line":413,"column":69}},"116":{"start":{"line":413,"column":38},"end":{"line":413,"column":67}},"117":{"start":{"line":415,"column":16},"end":{"line":415,"column":52}},"118":{"start":{"line":427,"column":8},"end":{"line":427,"column":30}},"119":{"start":{"line":428,"column":8},"end":{"line":430,"column":9}},"120":{"start":{"line":429,"column":12},"end":{"line":429,"column":35}},"121":{"start":{"line":431,"column":8},"end":{"line":433,"column":9}},"122":{"start":{"line":432,"column":12},"end":{"line":432,"column":59}},"123":{"start":{"line":434,"column":8},"end":{"line":434,"column":23}},"124":{"start":{"line":448,"column":8},"end":{"line":451,"column":9}},"125":{"start":{"line":449,"column":38},"end":{"line":449,"column":83}},"126":{"start":{"line":450,"column":12},"end":{"line":450,"column":30}},"127":{"start":{"line":454,"column":8},"end":{"line":456,"column":9}},"128":{"start":{"line":455,"column":12},"end":{"line":455,"column":34}},"129":{"start":{"line":457,"column":8},"end":{"line":457,"column":26}},"130":{"start":{"line":459,"column":8},"end":{"line":459,"column":79}}},"fnMap":{"0":{"name":"(anonymous_0)","decl":{"start":{"line":96,"column":4},"end":{"line":96,"column":5}},"loc":{"start":{"line":96,"column":35},"end":{"line":98,"column":5}},"line":96},"1":{"name":"(anonymous_1)","decl":{"start":{"line":107,"column":4},"end":{"line":107,"column":5}},"loc":{"start":{"line":107,"column":61},"end":{"line":122,"column":5}},"line":107},"2":{"name":"(anonymous_2)","decl":{"start":{"line":131,"column":4},"end":{"line":131,"column":5}},"loc":{"start":{"line":131,"column":63},"end":{"line":140,"column":5}},"line":131},"3":{"name":"(anonymous_3)","decl":{"start":{"line":149,"column":4},"end":{"line":149,"column":5}},"loc":{"start":{"line":149,"column":61},"end":{"line":157,"column":5}},"line":149},"4":{"name":"(anonymous_4)","decl":{"start":{"line":166,"column":4},"end":{"line":166,"column":5}},"loc":{"start":{"line":166,"column":41},"end":{"line":170,"column":5}},"line":166},"5":{"name":"(anonymous_5)","decl":{"start":{"line":180,"column":4},"end":{"line":180,"column":5}},"loc":{"start":{"line":180,"column":73},"end":{"line":196,"column":5}},"line":180},"6":{"name":"(anonymous_6)","decl":{"start":{"line":205,"column":4},"end":{"line":205,"column":5}},"loc":{"start":{"line":205,"column":43},"end":{"line":217,"column":5}},"line":205},"7":{"name":"(anonymous_7)","decl":{"start":{"line":219,"column":4},"end":{"line":219,"column":5}},"loc":{"start":{"line":219,"column":129},"end":{"line":238,"column":5}},"line":219},"8":{"name":"(anonymous_8)","decl":{"start":{"line":220,"column":27},"end":{"line":220,"column":28}},"loc":{"start":{"line":220,"column":48},"end":{"line":237,"column":9}},"line":220},"9":{"name":"(anonymous_9)","decl":{"start":{"line":223,"column":54},"end":{"line":223,"column":55}},"loc":{"start":{"line":223,"column":61},"end":{"line":226,"column":13}},"line":223},"10":{"name":"(anonymous_10)","decl":{"start":{"line":228,"column":25},"end":{"line":228,"column":26}},"loc":{"start":{"line":228,"column":43},"end":{"line":231,"column":13}},"line":228},"11":{"name":"(anonymous_11)","decl":{"start":{"line":240,"column":4},"end":{"line":240,"column":5}},"loc":{"start":{"line":240,"column":119},"end":{"line":258,"column":5}},"line":240},"12":{"name":"(anonymous_12)","decl":{"start":{"line":241,"column":27},"end":{"line":241,"column":28}},"loc":{"start":{"line":241,"column":48},"end":{"line":257,"column":9}},"line":241},"13":{"name":"(anonymous_13)","decl":{"start":{"line":244,"column":54},"end":{"line":244,"column":55}},"loc":{"start":{"line":244,"column":61},"end":{"line":247,"column":13}},"line":244},"14":{"name":"(anonymous_14)","decl":{"start":{"line":248,"column":25},"end":{"line":248,"column":26}},"loc":{"start":{"line":248,"column":43},"end":{"line":251,"column":13}},"line":248},"15":{"name":"(anonymous_15)","decl":{"start":{"line":269,"column":4},"end":{"line":269,"column":5}},"loc":{"start":{"line":269,"column":78},"end":{"line":329,"column":5}},"line":269},"16":{"name":"(anonymous_16)","decl":{"start":{"line":273,"column":43},"end":{"line":273,"column":44}},"loc":{"start":{"line":273,"column":64},"end":{"line":279,"column":9}},"line":273},"17":{"name":"(anonymous_17)","decl":{"start":{"line":274,"column":37},"end":{"line":274,"column":38}},"loc":{"start":{"line":274,"column":43},"end":{"line":278,"column":13}},"line":274},"18":{"name":"(anonymous_18)","decl":{"start":{"line":309,"column":23},"end":{"line":309,"column":24}},"loc":{"start":{"line":309,"column":43},"end":{"line":326,"column":9}},"line":309},"19":{"name":"(anonymous_19)","decl":{"start":{"line":310,"column":31},"end":{"line":310,"column":32}},"loc":{"start":{"line":310,"column":52},"end":{"line":316,"column":13}},"line":310},"20":{"name":"(anonymous_20)","decl":{"start":{"line":311,"column":66},"end":{"line":311,"column":67}},"loc":{"start":{"line":311,"column":75},"end":{"line":313,"column":17}},"line":311},"21":{"name":"(anonymous_21)","decl":{"start":{"line":313,"column":25},"end":{"line":313,"column":26}},"loc":{"start":{"line":313,"column":32},"end":{"line":315,"column":17}},"line":313},"22":{"name":"(anonymous_22)","decl":{"start":{"line":316,"column":20},"end":{"line":316,"column":21}},"loc":{"start":{"line":316,"column":27},"end":{"line":318,"column":13}},"line":316},"23":{"name":"(anonymous_23)","decl":{"start":{"line":318,"column":21},"end":{"line":318,"column":22}},"loc":{"start":{"line":318,"column":28},"end":{"line":325,"column":13}},"line":318},"24":{"name":"(anonymous_24)","decl":{"start":{"line":331,"column":4},"end":{"line":331,"column":5}},"loc":{"start":{"line":331,"column":95},"end":{"line":334,"column":5}},"line":331},"25":{"name":"(anonymous_25)","decl":{"start":{"line":336,"column":4},"end":{"line":336,"column":5}},"loc":{"start":{"line":336,"column":96},"end":{"line":339,"column":5}},"line":336},"26":{"name":"(anonymous_26)","decl":{"start":{"line":341,"column":4},"end":{"line":341,"column":5}},"loc":{"start":{"line":341,"column":96},"end":{"line":344,"column":5}},"line":341},"27":{"name":"(anonymous_27)","decl":{"start":{"line":346,"column":4},"end":{"line":346,"column":5}},"loc":{"start":{"line":346,"column":98},"end":{"line":349,"column":5}},"line":346},"28":{"name":"(anonymous_28)","decl":{"start":{"line":351,"column":4},"end":{"line":351,"column":5}},"loc":{"start":{"line":351,"column":95},"end":{"line":354,"column":5}},"line":351},"29":{"name":"(anonymous_29)","decl":{"start":{"line":356,"column":4},"end":{"line":356,"column":5}},"loc":{"start":{"line":356,"column":97},"end":{"line":359,"column":5}},"line":356},"30":{"name":"(anonymous_30)","decl":{"start":{"line":361,"column":4},"end":{"line":361,"column":5}},"loc":{"start":{"line":361,"column":96},"end":{"line":417,"column":5}},"line":361},"31":{"name":"(anonymous_31)","decl":{"start":{"line":372,"column":24},"end":{"line":372,"column":25}},"loc":{"start":{"line":372,"column":38},"end":{"line":372,"column":67}},"line":372},"32":{"name":"(anonymous_32)","decl":{"start":{"line":385,"column":24},"end":{"line":385,"column":25}},"loc":{"start":{"line":385,"column":38},"end":{"line":385,"column":67}},"line":385},"33":{"name":"(anonymous_33)","decl":{"start":{"line":403,"column":24},"end":{"line":403,"column":25}},"loc":{"start":{"line":403,"column":38},"end":{"line":403,"column":67}},"line":403},"34":{"name":"(anonymous_34)","decl":{"start":{"line":413,"column":24},"end":{"line":413,"column":25}},"loc":{"start":{"line":413,"column":38},"end":{"line":413,"column":67}},"line":413},"35":{"name":"(anonymous_35)","decl":{"start":{"line":426,"column":4},"end":{"line":426,"column":5}},"loc":{"start":{"line":426,"column":64},"end":{"line":435,"column":5}},"line":426},"36":{"name":"(anonymous_36)","decl":{"start":{"line":446,"column":4},"end":{"line":446,"column":5}},"loc":{"start":{"line":446,"column":114},"end":{"line":460,"column":5}},"line":446}},"branchMap":{"0":{"loc":{"start":{"line":108,"column":8},"end":{"line":110,"column":9}},"type":"if","locations":[{"start":{"line":108,"column":8},"end":{"line":110,"column":9}},{"start":{"line":108,"column":8},"end":{"line":110,"column":9}}],"line":108},"1":{"loc":{"start":{"line":113,"column":8},"end":{"line":115,"column":9}},"type":"if","locations":[{"start":{"line":113,"column":8},"end":{"line":115,"column":9}},{"start":{"line":113,"column":8},"end":{"line":115,"column":9}}],"line":113},"2":{"loc":{"start":{"line":136,"column":8},"end":{"line":138,"column":9}},"type":"if","locations":[{"start":{"line":136,"column":8},"end":{"line":138,"column":9}},{"start":{"line":136,"column":8},"end":{"line":138,"column":9}}],"line":136},"3":{"loc":{"start":{"line":151,"column":8},"end":{"line":153,"column":9}},"type":"if","locations":[{"start":{"line":151,"column":8},"end":{"line":153,"column":9}},{"start":{"line":151,"column":8},"end":{"line":153,"column":9}}],"line":151},"4":{"loc":{"start":{"line":181,"column":8},"end":{"line":183,"column":9}},"type":"if","locations":[{"start":{"line":181,"column":8},"end":{"line":183,"column":9}},{"start":{"line":181,"column":8},"end":{"line":183,"column":9}}],"line":181},"5":{"loc":{"start":{"line":187,"column":8},"end":{"line":194,"column":9}},"type":"if","locations":[{"start":{"line":187,"column":8},"end":{"line":194,"column":9}},{"start":{"line":187,"column":8},"end":{"line":194,"column":9}}],"line":187},"6":{"loc":{"start":{"line":187,"column":12},"end":{"line":187,"column":120}},"type":"binary-expr","locations":[{"start":{"line":187,"column":12},"end":{"line":187,"column":63}},{"start":{"line":187,"column":67},"end":{"line":187,"column":120}}],"line":187},"7":{"loc":{"start":{"line":190,"column":12},"end":{"line":192,"column":13}},"type":"if","locations":[{"start":{"line":190,"column":12},"end":{"line":192,"column":13}},{"start":{"line":190,"column":12},"end":{"line":192,"column":13}}],"line":190},"8":{"loc":{"start":{"line":190,"column":16},"end":{"line":190,"column":67}},"type":"binary-expr","locations":[{"start":{"line":190,"column":16},"end":{"line":190,"column":23}},{"start":{"line":190,"column":27},"end":{"line":190,"column":67}}],"line":190},"9":{"loc":{"start":{"line":193,"column":18},"end":{"line":193,"column":96}},"type":"cond-expr","locations":[{"start":{"line":193,"column":28},"end":{"line":193,"column":67}},{"start":{"line":193,"column":70},"end":{"line":193,"column":96}}],"line":193},"10":{"loc":{"start":{"line":212,"column":12},"end":{"line":214,"column":13}},"type":"if","locations":[{"start":{"line":212,"column":12},"end":{"line":214,"column":13}},{"start":{"line":212,"column":12},"end":{"line":214,"column":13}}],"line":212},"11":{"loc":{"start":{"line":223,"column":24},"end":{"line":223,"column":44}},"type":"binary-expr","locations":[{"start":{"line":223,"column":24},"end":{"line":223,"column":38}},{"start":{"line":223,"column":42},"end":{"line":223,"column":44}}],"line":223},"12":{"loc":{"start":{"line":224,"column":32},"end":{"line":224,"column":52}},"type":"binary-expr","locations":[{"start":{"line":224,"column":32},"end":{"line":224,"column":46}},{"start":{"line":224,"column":50},"end":{"line":224,"column":52}}],"line":224},"13":{"loc":{"start":{"line":233,"column":12},"end":{"line":235,"column":13}},"type":"if","locations":[{"start":{"line":233,"column":12},"end":{"line":235,"column":13}},{"start":{"line":233,"column":12},"end":{"line":235,"column":13}}],"line":233},"14":{"loc":{"start":{"line":233,"column":16},"end":{"line":233,"column":40}},"type":"binary-expr","locations":[{"start":{"line":233,"column":16},"end":{"line":233,"column":26}},{"start":{"line":233,"column":30},"end":{"line":233,"column":40}}],"line":233},"15":{"loc":{"start":{"line":244,"column":24},"end":{"line":244,"column":44}},"type":"binary-expr","locations":[{"start":{"line":244,"column":24},"end":{"line":244,"column":38}},{"start":{"line":244,"column":42},"end":{"line":244,"column":44}}],"line":244},"16":{"loc":{"start":{"line":245,"column":32},"end":{"line":245,"column":52}},"type":"binary-expr","locations":[{"start":{"line":245,"column":32},"end":{"line":245,"column":46}},{"start":{"line":245,"column":50},"end":{"line":245,"column":52}}],"line":245},"17":{"loc":{"start":{"line":253,"column":12},"end":{"line":255,"column":13}},"type":"if","locations":[{"start":{"line":253,"column":12},"end":{"line":255,"column":13}},{"start":{"line":253,"column":12},"end":{"line":255,"column":13}}],"line":253},"18":{"loc":{"start":{"line":276,"column":16},"end":{"line":276,"column":76}},"type":"binary-expr","locations":[{"start":{"line":276,"column":16},"end":{"line":276,"column":40}},{"start":{"line":276,"column":44},"end":{"line":276,"column":76}}],"line":276},"19":{"loc":{"start":{"line":320,"column":16},"end":{"line":323,"column":17}},"type":"if","locations":[{"start":{"line":320,"column":16},"end":{"line":323,"column":17}},{"start":{"line":320,"column":16},"end":{"line":323,"column":17}}],"line":320},"20":{"loc":{"start":{"line":331,"column":53},"end":{"line":331,"column":79}},"type":"default-arg","locations":[{"start":{"line":331,"column":77},"end":{"line":331,"column":79}}],"line":331},"21":{"loc":{"start":{"line":336,"column":54},"end":{"line":336,"column":80}},"type":"default-arg","locations":[{"start":{"line":336,"column":78},"end":{"line":336,"column":80}}],"line":336},"22":{"loc":{"start":{"line":341,"column":54},"end":{"line":341,"column":80}},"type":"default-arg","locations":[{"start":{"line":341,"column":78},"end":{"line":341,"column":80}}],"line":341},"23":{"loc":{"start":{"line":346,"column":56},"end":{"line":346,"column":82}},"type":"default-arg","locations":[{"start":{"line":346,"column":80},"end":{"line":346,"column":82}}],"line":346},"24":{"loc":{"start":{"line":351,"column":53},"end":{"line":351,"column":79}},"type":"default-arg","locations":[{"start":{"line":351,"column":77},"end":{"line":351,"column":79}}],"line":351},"25":{"loc":{"start":{"line":356,"column":55},"end":{"line":356,"column":81}},"type":"default-arg","locations":[{"start":{"line":356,"column":79},"end":{"line":356,"column":81}}],"line":356},"26":{"loc":{"start":{"line":364,"column":8},"end":{"line":416,"column":9}},"type":"switch","locations":[{"start":{"line":365,"column":12},"end":{"line":372,"column":69}},{"start":{"line":373,"column":12},"end":{"line":373,"column":24}},{"start":{"line":374,"column":12},"end":{"line":374,"column":26}},{"start":{"line":375,"column":12},"end":{"line":375,"column":23}},{"start":{"line":376,"column":12},"end":{"line":385,"column":69}},{"start":{"line":386,"column":12},"end":{"line":403,"column":69}},{"start":{"line":404,"column":12},"end":{"line":413,"column":69}},{"start":{"line":414,"column":12},"end":{"line":415,"column":52}}],"line":364},"27":{"loc":{"start":{"line":389,"column":20},"end":{"line":393,"column":21}},"type":"if","locations":[{"start":{"line":389,"column":20},"end":{"line":393,"column":21}},{"start":{"line":389,"column":20},"end":{"line":393,"column":21}}],"line":389},"28":{"loc":{"start":{"line":428,"column":8},"end":{"line":430,"column":9}},"type":"if","locations":[{"start":{"line":428,"column":8},"end":{"line":430,"column":9}},{"start":{"line":428,"column":8},"end":{"line":430,"column":9}}],"line":428},"29":{"loc":{"start":{"line":428,"column":12},"end":{"line":428,"column":59}},"type":"binary-expr","locations":[{"start":{"line":428,"column":12},"end":{"line":428,"column":34}},{"start":{"line":428,"column":38},"end":{"line":428,"column":59}}],"line":428},"30":{"loc":{"start":{"line":431,"column":8},"end":{"line":433,"column":9}},"type":"if","locations":[{"start":{"line":431,"column":8},"end":{"line":433,"column":9}},{"start":{"line":431,"column":8},"end":{"line":433,"column":9}}],"line":431},"31":{"loc":{"start":{"line":448,"column":8},"end":{"line":451,"column":9}},"type":"if","locations":[{"start":{"line":448,"column":8},"end":{"line":451,"column":9}},{"start":{"line":448,"column":8},"end":{"line":451,"column":9}}],"line":448},"32":{"loc":{"start":{"line":454,"column":8},"end":{"line":456,"column":9}},"type":"if","locations":[{"start":{"line":454,"column":8},"end":{"line":456,"column":9}},{"start":{"line":454,"column":8},"end":{"line":456,"column":9}}],"line":454}},"s":{"0":1,"1":1,"2":1,"3":0,"4":0,"5":0,"6":0,"7":0,"8":0,"9":0,"10":0,"11":0,"12":0,"13":0,"14":0,"15":0,"16":0,"17":0,"18":0,"19":0,"20":0,"21":0,"22":0,"23":0,"24":0,"25":0,"26":0,"27":1,"28":0,"29":0,"30":0,"31":0,"32":0,"33":0,"34":0,"35":0,"36":0,"37":0,"38":0,"39":0,"40":0,"41":0,"42":0,"43":0,"44":0,"45":0,"46":0,"47":0,"48":0,"49":0,"50":0,"51":0,"52":0,"53":0,"54":0,"55":0,"56":0,"57":0,"58":0,"59":0,"60":0,"61":0,"62":0,"63":0,"64":0,"65":0,"66":0,"67":0,"68":0,"69":0,"70":0,"71":0,"72":0,"73":0,"74":0,"75":0,"76":0,"77":0,"78":0,"79":0,"80":0,"81":0,"82":0,"83":0,"84":0,"85":0,"86":0,"87":0,"88":0,"89":0,"90":0,"91":0,"92":0,"93":0,"94":0,"95":0,"96":0,"97":0,"98":0,"99":0,"100":0,"101":0,"102":0,"103":0,"104":0,"105":0,"106":0,"107":0,"108":0,"109":0,"110":0,"111":0,"112":0,"113":0,"114":0,"115":0,"116":0,"117":0,"118":0,"119":0,"120":0,"121":0,"122":0,"123":0,"124":0,"125":0,"126":0,"127":0,"128":0,"129":0,"130":0},"f":{"0":1,"1":0,"2":0,"3":0,"4":1,"5":0,"6":0,"7":0,"8":0,"9":0,"10":0,"11":0,"12":0,"13":0,"14":0,"15":0,"16":0,"17":0,"18":0,"19":0,"20":0,"21":0,"22":0,"23":0,"24":0,"25":0,"26":0,"27":0,"28":0,"29":0,"30":0,"31":0,"32":0,"33":0,"34":0,"35":0,"36":0},"b":{"0":[0,0],"1":[0,0],"2":[0,0],"3":[0,0],"4":[0,0],"5":[0,0],"6":[0,0],"7":[0,0],"8":[0,0],"9":[0,0],"10":[0,0],"11":[0,0],"12":[0,0],"13":[0,0],"14":[0,0],"15":[0,0],"16":[0,0],"17":[0,0],"18":[0,0],"19":[0,0],"20":[0],"21":[0],"22":[0],"23":[0],"24":[0],"25":[0],"26":[0,0,0,0,0,0,0,0],"27":[0,0],"28":[0,0],"29":[0,0],"30":[0,0],"31":[0,0],"32":[0,0]},"_coverageSchema":"1a1c01bbd47fc00a2c39e90264f33305004495a9","hash":"1d7c5e04dd6c936b56fcf5a481da31b48458bd56"}
}
