{"/Users/flyteng/Desktop/workspace/office/react-demo-project/src/net.ts": {"path":"/Users/flyteng/Desktop/workspace/office/react-demo-project/src/net.ts","statementMap":{"0":{"start":{"line":62,"column":44},"end":{"line":68,"column":5}},"1":{"start":{"line":69,"column":38},"end":{"line":69,"column":40}},"2":{"start":{"line":72,"column":8},"end":{"line":72,"column":26}},"3":{"start":{"line":83,"column":8},"end":{"line":85,"column":9}},"4":{"start":{"line":84,"column":12},"end":{"line":84,"column":22}},"5":{"start":{"line":86,"column":30},"end":{"line":86,"column":32}},"6":{"start":{"line":87,"column":31},"end":{"line":87,"column":50}},"7":{"start":{"line":88,"column":8},"end":{"line":90,"column":9}},"8":{"start":{"line":89,"column":12},"end":{"line":89,"column":22}},"9":{"start":{"line":91,"column":8},"end":{"line":95,"column":9}},"10":{"start":{"line":92,"column":29},"end":{"line":92,"column":41}},"11":{"start":{"line":93,"column":26},"end":{"line":93,"column":37}},"12":{"start":{"line":94,"column":12},"end":{"line":94,"column":60}},"13":{"start":{"line":96,"column":8},"end":{"line":96,"column":29}},"14":{"start":{"line":107,"column":20},"end":{"line":107,"column":59}},"15":{"start":{"line":108,"column":21},"end":{"line":108,"column":34}},"16":{"start":{"line":109,"column":22},"end":{"line":109,"column":60}},"17":{"start":{"line":110,"column":20},"end":{"line":110,"column":36}},"18":{"start":{"line":111,"column":8},"end":{"line":113,"column":9}},"19":{"start":{"line":112,"column":12},"end":{"line":112,"column":46}},"20":{"start":{"line":114,"column":8},"end":{"line":114,"column":25}},"21":{"start":{"line":125,"column":22},"end":{"line":125,"column":58}},"22":{"start":{"line":126,"column":8},"end":{"line":128,"column":9}},"23":{"start":{"line":127,"column":12},"end":{"line":127,"column":22}},"24":{"start":{"line":129,"column":8},"end":{"line":129,"column":33}},"25":{"start":{"line":130,"column":27},"end":{"line":130,"column":127}},"26":{"start":{"line":131,"column":8},"end":{"line":131,"column":38}},"27":{"start":{"line":142,"column":8},"end":{"line":144,"column":11}},"28":{"start":{"line":156,"column":8},"end":{"line":158,"column":9}},"29":{"start":{"line":157,"column":12},"end":{"line":157,"column":44}},"30":{"start":{"line":159,"column":40},"end":{"line":159,"column":59}},"31":{"start":{"line":162,"column":8},"end":{"line":169,"column":9}},"32":{"start":{"line":163,"column":12},"end":{"line":163,"column":45}},"33":{"start":{"line":165,"column":12},"end":{"line":167,"column":13}},"34":{"start":{"line":166,"column":16},"end":{"line":166,"column":59}},"35":{"start":{"line":168,"column":12},"end":{"line":168,"column":97}},"36":{"start":{"line":170,"column":8},"end":{"line":170,"column":19}},"37":{"start":{"line":181,"column":24},"end":{"line":183,"column":24}},"38":{"start":{"line":184,"column":18},"end":{"line":184,"column":20}},"39":{"start":{"line":185,"column":8},"end":{"line":190,"column":9}},"40":{"start":{"line":185,"column":21},"end":{"line":185,"column":22}},"41":{"start":{"line":185,"column":30},"end":{"line":185,"column":44}},"42":{"start":{"line":186,"column":12},"end":{"line":186,"column":40}},"43":{"start":{"line":187,"column":12},"end":{"line":189,"column":13}},"44":{"start":{"line":188,"column":16},"end":{"line":188,"column":41}},"45":{"start":{"line":191,"column":8},"end":{"line":191,"column":18}},"46":{"start":{"line":195,"column":8},"end":{"line":212,"column":11}},"47":{"start":{"line":196,"column":40},"end":{"line":196,"column":60}},"48":{"start":{"line":197,"column":12},"end":{"line":197,"column":34}},"49":{"start":{"line":198,"column":12},"end":{"line":201,"column":15}},"50":{"start":{"line":199,"column":32},"end":{"line":199,"column":52}},"51":{"start":{"line":200,"column":16},"end":{"line":200,"column":56}},"52":{"start":{"line":203,"column":12},"end":{"line":206,"column":14}},"53":{"start":{"line":204,"column":41},"end":{"line":204,"column":49}},"54":{"start":{"line":205,"column":16},"end":{"line":205,"column":38}},"55":{"start":{"line":207,"column":12},"end":{"line":207,"column":33}},"56":{"start":{"line":208,"column":12},"end":{"line":210,"column":13}},"57":{"start":{"line":209,"column":16},"end":{"line":209,"column":51}},"58":{"start":{"line":211,"column":12},"end":{"line":211,"column":27}},"59":{"start":{"line":216,"column":8},"end":{"line":232,"column":11}},"60":{"start":{"line":217,"column":40},"end":{"line":217,"column":60}},"61":{"start":{"line":218,"column":12},"end":{"line":218,"column":34}},"62":{"start":{"line":219,"column":12},"end":{"line":222,"column":15}},"63":{"start":{"line":220,"column":32},"end":{"line":220,"column":52}},"64":{"start":{"line":221,"column":16},"end":{"line":221,"column":56}},"65":{"start":{"line":223,"column":12},"end":{"line":226,"column":14}},"66":{"start":{"line":224,"column":41},"end":{"line":224,"column":49}},"67":{"start":{"line":225,"column":16},"end":{"line":225,"column":38}},"68":{"start":{"line":227,"column":12},"end":{"line":227,"column":33}},"69":{"start":{"line":228,"column":12},"end":{"line":230,"column":13}},"70":{"start":{"line":229,"column":16},"end":{"line":229,"column":44}},"71":{"start":{"line":231,"column":12},"end":{"line":231,"column":23}},"72":{"start":{"line":245,"column":29},"end":{"line":245,"column":47}},"73":{"start":{"line":246,"column":31},"end":{"line":254,"column":10}},"74":{"start":{"line":247,"column":26},"end":{"line":253,"column":43}},"75":{"start":{"line":248,"column":16},"end":{"line":248,"column":36}},"76":{"start":{"line":249,"column":16},"end":{"line":251,"column":17}},"77":{"start":{"line":250,"column":20},"end":{"line":250,"column":53}},"78":{"start":{"line":252,"column":16},"end":{"line":252,"column":42}},"79":{"start":{"line":255,"column":8},"end":{"line":257,"column":11}},"80":{"start":{"line":256,"column":12},"end":{"line":256,"column":33}},"81":{"start":{"line":261,"column":20},"end":{"line":261,"column":68}},"82":{"start":{"line":262,"column":8},"end":{"line":262,"column":60}},"83":{"start":{"line":266,"column":20},"end":{"line":266,"column":68}},"84":{"start":{"line":267,"column":8},"end":{"line":267,"column":65}},"85":{"start":{"line":271,"column":20},"end":{"line":271,"column":68}},"86":{"start":{"line":272,"column":8},"end":{"line":272,"column":61}},"87":{"start":{"line":276,"column":20},"end":{"line":276,"column":68}},"88":{"start":{"line":277,"column":8},"end":{"line":277,"column":63}},"89":{"start":{"line":281,"column":20},"end":{"line":281,"column":68}},"90":{"start":{"line":282,"column":8},"end":{"line":282,"column":60}},"91":{"start":{"line":286,"column":20},"end":{"line":286,"column":68}},"92":{"start":{"line":287,"column":8},"end":{"line":287,"column":63}},"93":{"start":{"line":293,"column":8},"end":{"line":345,"column":9}},"94":{"start":{"line":295,"column":16},"end":{"line":301,"column":69}},"95":{"start":{"line":301,"column":38},"end":{"line":301,"column":67}},"96":{"start":{"line":306,"column":16},"end":{"line":314,"column":69}},"97":{"start":{"line":314,"column":38},"end":{"line":314,"column":67}},"98":{"start":{"line":316,"column":16},"end":{"line":316,"column":42}},"99":{"start":{"line":317,"column":16},"end":{"line":323,"column":17}},"100":{"start":{"line":318,"column":20},"end":{"line":322,"column":21}},"101":{"start":{"line":319,"column":24},"end":{"line":319,"column":72}},"102":{"start":{"line":321,"column":24},"end":{"line":321,"column":56}},"103":{"start":{"line":324,"column":16},"end":{"line":332,"column":69}},"104":{"start":{"line":332,"column":38},"end":{"line":332,"column":67}},"105":{"start":{"line":334,"column":16},"end":{"line":342,"column":69}},"106":{"start":{"line":342,"column":38},"end":{"line":342,"column":67}},"107":{"start":{"line":344,"column":16},"end":{"line":344,"column":52}},"108":{"start":{"line":356,"column":8},"end":{"line":358,"column":9}},"109":{"start":{"line":357,"column":12},"end":{"line":357,"column":35}},"110":{"start":{"line":359,"column":8},"end":{"line":361,"column":9}},"111":{"start":{"line":360,"column":12},"end":{"line":360,"column":59}},"112":{"start":{"line":362,"column":8},"end":{"line":362,"column":23}},"113":{"start":{"line":376,"column":8},"end":{"line":379,"column":9}},"114":{"start":{"line":377,"column":38},"end":{"line":377,"column":83}},"115":{"start":{"line":378,"column":12},"end":{"line":378,"column":30}},"116":{"start":{"line":382,"column":8},"end":{"line":384,"column":9}},"117":{"start":{"line":383,"column":12},"end":{"line":383,"column":34}},"118":{"start":{"line":385,"column":8},"end":{"line":385,"column":26}},"119":{"start":{"line":387,"column":8},"end":{"line":387,"column":79}}},"fnMap":{"0":{"name":"(anonymous_0)","decl":{"start":{"line":71,"column":4},"end":{"line":71,"column":5}},"loc":{"start":{"line":71,"column":35},"end":{"line":73,"column":5}},"line":71},"1":{"name":"(anonymous_1)","decl":{"start":{"line":82,"column":4},"end":{"line":82,"column":5}},"loc":{"start":{"line":82,"column":61},"end":{"line":97,"column":5}},"line":82},"2":{"name":"(anonymous_2)","decl":{"start":{"line":106,"column":4},"end":{"line":106,"column":5}},"loc":{"start":{"line":106,"column":63},"end":{"line":115,"column":5}},"line":106},"3":{"name":"(anonymous_3)","decl":{"start":{"line":124,"column":4},"end":{"line":124,"column":5}},"loc":{"start":{"line":124,"column":61},"end":{"line":132,"column":5}},"line":124},"4":{"name":"(anonymous_4)","decl":{"start":{"line":141,"column":4},"end":{"line":141,"column":5}},"loc":{"start":{"line":141,"column":41},"end":{"line":145,"column":5}},"line":141},"5":{"name":"(anonymous_5)","decl":{"start":{"line":155,"column":4},"end":{"line":155,"column":5}},"loc":{"start":{"line":155,"column":73},"end":{"line":171,"column":5}},"line":155},"6":{"name":"(anonymous_6)","decl":{"start":{"line":180,"column":4},"end":{"line":180,"column":5}},"loc":{"start":{"line":180,"column":43},"end":{"line":192,"column":5}},"line":180},"7":{"name":"(anonymous_7)","decl":{"start":{"line":194,"column":4},"end":{"line":194,"column":5}},"loc":{"start":{"line":194,"column":129},"end":{"line":213,"column":5}},"line":194},"8":{"name":"(anonymous_8)","decl":{"start":{"line":195,"column":27},"end":{"line":195,"column":28}},"loc":{"start":{"line":195,"column":48},"end":{"line":212,"column":9}},"line":195},"9":{"name":"(anonymous_9)","decl":{"start":{"line":198,"column":54},"end":{"line":198,"column":55}},"loc":{"start":{"line":198,"column":61},"end":{"line":201,"column":13}},"line":198},"10":{"name":"(anonymous_10)","decl":{"start":{"line":203,"column":25},"end":{"line":203,"column":26}},"loc":{"start":{"line":203,"column":43},"end":{"line":206,"column":13}},"line":203},"11":{"name":"(anonymous_11)","decl":{"start":{"line":215,"column":4},"end":{"line":215,"column":5}},"loc":{"start":{"line":215,"column":119},"end":{"line":233,"column":5}},"line":215},"12":{"name":"(anonymous_12)","decl":{"start":{"line":216,"column":27},"end":{"line":216,"column":28}},"loc":{"start":{"line":216,"column":48},"end":{"line":232,"column":9}},"line":216},"13":{"name":"(anonymous_13)","decl":{"start":{"line":219,"column":54},"end":{"line":219,"column":55}},"loc":{"start":{"line":219,"column":61},"end":{"line":222,"column":13}},"line":219},"14":{"name":"(anonymous_14)","decl":{"start":{"line":223,"column":25},"end":{"line":223,"column":26}},"loc":{"start":{"line":223,"column":43},"end":{"line":226,"column":13}},"line":223},"15":{"name":"(anonymous_15)","decl":{"start":{"line":244,"column":4},"end":{"line":244,"column":5}},"loc":{"start":{"line":244,"column":78},"end":{"line":258,"column":5}},"line":244},"16":{"name":"(anonymous_16)","decl":{"start":{"line":246,"column":43},"end":{"line":246,"column":44}},"loc":{"start":{"line":246,"column":64},"end":{"line":254,"column":9}},"line":246},"17":{"name":"(anonymous_17)","decl":{"start":{"line":247,"column":37},"end":{"line":247,"column":38}},"loc":{"start":{"line":247,"column":43},"end":{"line":253,"column":13}},"line":247},"18":{"name":"(anonymous_18)","decl":{"start":{"line":255,"column":66},"end":{"line":255,"column":67}},"loc":{"start":{"line":255,"column":73},"end":{"line":257,"column":9}},"line":255},"19":{"name":"(anonymous_19)","decl":{"start":{"line":260,"column":4},"end":{"line":260,"column":5}},"loc":{"start":{"line":260,"column":95},"end":{"line":263,"column":5}},"line":260},"20":{"name":"(anonymous_20)","decl":{"start":{"line":265,"column":4},"end":{"line":265,"column":5}},"loc":{"start":{"line":265,"column":96},"end":{"line":268,"column":5}},"line":265},"21":{"name":"(anonymous_21)","decl":{"start":{"line":270,"column":4},"end":{"line":270,"column":5}},"loc":{"start":{"line":270,"column":96},"end":{"line":273,"column":5}},"line":270},"22":{"name":"(anonymous_22)","decl":{"start":{"line":275,"column":4},"end":{"line":275,"column":5}},"loc":{"start":{"line":275,"column":98},"end":{"line":278,"column":5}},"line":275},"23":{"name":"(anonymous_23)","decl":{"start":{"line":280,"column":4},"end":{"line":280,"column":5}},"loc":{"start":{"line":280,"column":95},"end":{"line":283,"column":5}},"line":280},"24":{"name":"(anonymous_24)","decl":{"start":{"line":285,"column":4},"end":{"line":285,"column":5}},"loc":{"start":{"line":285,"column":97},"end":{"line":288,"column":5}},"line":285},"25":{"name":"(anonymous_25)","decl":{"start":{"line":290,"column":4},"end":{"line":290,"column":5}},"loc":{"start":{"line":290,"column":96},"end":{"line":346,"column":5}},"line":290},"26":{"name":"(anonymous_26)","decl":{"start":{"line":301,"column":24},"end":{"line":301,"column":25}},"loc":{"start":{"line":301,"column":38},"end":{"line":301,"column":67}},"line":301},"27":{"name":"(anonymous_27)","decl":{"start":{"line":314,"column":24},"end":{"line":314,"column":25}},"loc":{"start":{"line":314,"column":38},"end":{"line":314,"column":67}},"line":314},"28":{"name":"(anonymous_28)","decl":{"start":{"line":332,"column":24},"end":{"line":332,"column":25}},"loc":{"start":{"line":332,"column":38},"end":{"line":332,"column":67}},"line":332},"29":{"name":"(anonymous_29)","decl":{"start":{"line":342,"column":24},"end":{"line":342,"column":25}},"loc":{"start":{"line":342,"column":38},"end":{"line":342,"column":67}},"line":342},"30":{"name":"(anonymous_30)","decl":{"start":{"line":355,"column":4},"end":{"line":355,"column":5}},"loc":{"start":{"line":355,"column":64},"end":{"line":363,"column":5}},"line":355},"31":{"name":"(anonymous_31)","decl":{"start":{"line":374,"column":4},"end":{"line":374,"column":5}},"loc":{"start":{"line":374,"column":114},"end":{"line":388,"column":5}},"line":374}},"branchMap":{"0":{"loc":{"start":{"line":83,"column":8},"end":{"line":85,"column":9}},"type":"if","locations":[{"start":{"line":83,"column":8},"end":{"line":85,"column":9}},{"start":{"line":83,"column":8},"end":{"line":85,"column":9}}],"line":83},"1":{"loc":{"start":{"line":88,"column":8},"end":{"line":90,"column":9}},"type":"if","locations":[{"start":{"line":88,"column":8},"end":{"line":90,"column":9}},{"start":{"line":88,"column":8},"end":{"line":90,"column":9}}],"line":88},"2":{"loc":{"start":{"line":111,"column":8},"end":{"line":113,"column":9}},"type":"if","locations":[{"start":{"line":111,"column":8},"end":{"line":113,"column":9}},{"start":{"line":111,"column":8},"end":{"line":113,"column":9}}],"line":111},"3":{"loc":{"start":{"line":126,"column":8},"end":{"line":128,"column":9}},"type":"if","locations":[{"start":{"line":126,"column":8},"end":{"line":128,"column":9}},{"start":{"line":126,"column":8},"end":{"line":128,"column":9}}],"line":126},"4":{"loc":{"start":{"line":156,"column":8},"end":{"line":158,"column":9}},"type":"if","locations":[{"start":{"line":156,"column":8},"end":{"line":158,"column":9}},{"start":{"line":156,"column":8},"end":{"line":158,"column":9}}],"line":156},"5":{"loc":{"start":{"line":162,"column":8},"end":{"line":169,"column":9}},"type":"if","locations":[{"start":{"line":162,"column":8},"end":{"line":169,"column":9}},{"start":{"line":162,"column":8},"end":{"line":169,"column":9}}],"line":162},"6":{"loc":{"start":{"line":162,"column":12},"end":{"line":162,"column":120}},"type":"binary-expr","locations":[{"start":{"line":162,"column":12},"end":{"line":162,"column":63}},{"start":{"line":162,"column":67},"end":{"line":162,"column":120}}],"line":162},"7":{"loc":{"start":{"line":165,"column":12},"end":{"line":167,"column":13}},"type":"if","locations":[{"start":{"line":165,"column":12},"end":{"line":167,"column":13}},{"start":{"line":165,"column":12},"end":{"line":167,"column":13}}],"line":165},"8":{"loc":{"start":{"line":165,"column":16},"end":{"line":165,"column":67}},"type":"binary-expr","locations":[{"start":{"line":165,"column":16},"end":{"line":165,"column":23}},{"start":{"line":165,"column":27},"end":{"line":165,"column":67}}],"line":165},"9":{"loc":{"start":{"line":168,"column":18},"end":{"line":168,"column":96}},"type":"cond-expr","locations":[{"start":{"line":168,"column":28},"end":{"line":168,"column":67}},{"start":{"line":168,"column":70},"end":{"line":168,"column":96}}],"line":168},"10":{"loc":{"start":{"line":187,"column":12},"end":{"line":189,"column":13}},"type":"if","locations":[{"start":{"line":187,"column":12},"end":{"line":189,"column":13}},{"start":{"line":187,"column":12},"end":{"line":189,"column":13}}],"line":187},"11":{"loc":{"start":{"line":198,"column":24},"end":{"line":198,"column":44}},"type":"binary-expr","locations":[{"start":{"line":198,"column":24},"end":{"line":198,"column":38}},{"start":{"line":198,"column":42},"end":{"line":198,"column":44}}],"line":198},"12":{"loc":{"start":{"line":199,"column":32},"end":{"line":199,"column":52}},"type":"binary-expr","locations":[{"start":{"line":199,"column":32},"end":{"line":199,"column":46}},{"start":{"line":199,"column":50},"end":{"line":199,"column":52}}],"line":199},"13":{"loc":{"start":{"line":208,"column":12},"end":{"line":210,"column":13}},"type":"if","locations":[{"start":{"line":208,"column":12},"end":{"line":210,"column":13}},{"start":{"line":208,"column":12},"end":{"line":210,"column":13}}],"line":208},"14":{"loc":{"start":{"line":208,"column":16},"end":{"line":208,"column":40}},"type":"binary-expr","locations":[{"start":{"line":208,"column":16},"end":{"line":208,"column":26}},{"start":{"line":208,"column":30},"end":{"line":208,"column":40}}],"line":208},"15":{"loc":{"start":{"line":219,"column":24},"end":{"line":219,"column":44}},"type":"binary-expr","locations":[{"start":{"line":219,"column":24},"end":{"line":219,"column":38}},{"start":{"line":219,"column":42},"end":{"line":219,"column":44}}],"line":219},"16":{"loc":{"start":{"line":220,"column":32},"end":{"line":220,"column":52}},"type":"binary-expr","locations":[{"start":{"line":220,"column":32},"end":{"line":220,"column":46}},{"start":{"line":220,"column":50},"end":{"line":220,"column":52}}],"line":220},"17":{"loc":{"start":{"line":228,"column":12},"end":{"line":230,"column":13}},"type":"if","locations":[{"start":{"line":228,"column":12},"end":{"line":230,"column":13}},{"start":{"line":228,"column":12},"end":{"line":230,"column":13}}],"line":228},"18":{"loc":{"start":{"line":249,"column":16},"end":{"line":251,"column":17}},"type":"if","locations":[{"start":{"line":249,"column":16},"end":{"line":251,"column":17}},{"start":{"line":249,"column":16},"end":{"line":251,"column":17}}],"line":249},"19":{"loc":{"start":{"line":260,"column":53},"end":{"line":260,"column":79}},"type":"default-arg","locations":[{"start":{"line":260,"column":77},"end":{"line":260,"column":79}}],"line":260},"20":{"loc":{"start":{"line":265,"column":54},"end":{"line":265,"column":80}},"type":"default-arg","locations":[{"start":{"line":265,"column":78},"end":{"line":265,"column":80}}],"line":265},"21":{"loc":{"start":{"line":270,"column":54},"end":{"line":270,"column":80}},"type":"default-arg","locations":[{"start":{"line":270,"column":78},"end":{"line":270,"column":80}}],"line":270},"22":{"loc":{"start":{"line":275,"column":56},"end":{"line":275,"column":82}},"type":"default-arg","locations":[{"start":{"line":275,"column":80},"end":{"line":275,"column":82}}],"line":275},"23":{"loc":{"start":{"line":280,"column":53},"end":{"line":280,"column":79}},"type":"default-arg","locations":[{"start":{"line":280,"column":77},"end":{"line":280,"column":79}}],"line":280},"24":{"loc":{"start":{"line":285,"column":55},"end":{"line":285,"column":81}},"type":"default-arg","locations":[{"start":{"line":285,"column":79},"end":{"line":285,"column":81}}],"line":285},"25":{"loc":{"start":{"line":293,"column":8},"end":{"line":345,"column":9}},"type":"switch","locations":[{"start":{"line":294,"column":12},"end":{"line":301,"column":69}},{"start":{"line":302,"column":12},"end":{"line":302,"column":24}},{"start":{"line":303,"column":12},"end":{"line":303,"column":26}},{"start":{"line":304,"column":12},"end":{"line":304,"column":23}},{"start":{"line":305,"column":12},"end":{"line":314,"column":69}},{"start":{"line":315,"column":12},"end":{"line":332,"column":69}},{"start":{"line":333,"column":12},"end":{"line":342,"column":69}},{"start":{"line":343,"column":12},"end":{"line":344,"column":52}}],"line":293},"26":{"loc":{"start":{"line":318,"column":20},"end":{"line":322,"column":21}},"type":"if","locations":[{"start":{"line":318,"column":20},"end":{"line":322,"column":21}},{"start":{"line":318,"column":20},"end":{"line":322,"column":21}}],"line":318},"27":{"loc":{"start":{"line":356,"column":8},"end":{"line":358,"column":9}},"type":"if","locations":[{"start":{"line":356,"column":8},"end":{"line":358,"column":9}},{"start":{"line":356,"column":8},"end":{"line":358,"column":9}}],"line":356},"28":{"loc":{"start":{"line":356,"column":12},"end":{"line":356,"column":59}},"type":"binary-expr","locations":[{"start":{"line":356,"column":12},"end":{"line":356,"column":34}},{"start":{"line":356,"column":38},"end":{"line":356,"column":59}}],"line":356},"29":{"loc":{"start":{"line":359,"column":8},"end":{"line":361,"column":9}},"type":"if","locations":[{"start":{"line":359,"column":8},"end":{"line":361,"column":9}},{"start":{"line":359,"column":8},"end":{"line":361,"column":9}}],"line":359},"30":{"loc":{"start":{"line":376,"column":8},"end":{"line":379,"column":9}},"type":"if","locations":[{"start":{"line":376,"column":8},"end":{"line":379,"column":9}},{"start":{"line":376,"column":8},"end":{"line":379,"column":9}}],"line":376},"31":{"loc":{"start":{"line":382,"column":8},"end":{"line":384,"column":9}},"type":"if","locations":[{"start":{"line":382,"column":8},"end":{"line":384,"column":9}},{"start":{"line":382,"column":8},"end":{"line":384,"column":9}}],"line":382}},"s":{"0":1,"1":1,"2":1,"3":0,"4":0,"5":0,"6":0,"7":0,"8":0,"9":0,"10":0,"11":0,"12":0,"13":0,"14":0,"15":0,"16":0,"17":0,"18":0,"19":0,"20":0,"21":0,"22":0,"23":0,"24":0,"25":0,"26":0,"27":1,"28":0,"29":0,"30":0,"31":0,"32":0,"33":0,"34":0,"35":0,"36":0,"37":0,"38":0,"39":0,"40":0,"41":0,"42":0,"43":0,"44":0,"45":0,"46":0,"47":0,"48":0,"49":0,"50":0,"51":0,"52":0,"53":0,"54":0,"55":0,"56":0,"57":0,"58":0,"59":0,"60":0,"61":0,"62":0,"63":0,"64":0,"65":0,"66":0,"67":0,"68":0,"69":0,"70":0,"71":0,"72":0,"73":0,"74":0,"75":0,"76":0,"77":0,"78":0,"79":0,"80":0,"81":0,"82":0,"83":0,"84":0,"85":0,"86":0,"87":0,"88":0,"89":0,"90":0,"91":0,"92":0,"93":0,"94":0,"95":0,"96":0,"97":0,"98":0,"99":0,"100":0,"101":0,"102":0,"103":0,"104":0,"105":0,"106":0,"107":0,"108":0,"109":0,"110":0,"111":0,"112":0,"113":0,"114":0,"115":0,"116":0,"117":0,"118":0,"119":0},"f":{"0":1,"1":0,"2":0,"3":0,"4":1,"5":0,"6":0,"7":0,"8":0,"9":0,"10":0,"11":0,"12":0,"13":0,"14":0,"15":0,"16":0,"17":0,"18":0,"19":0,"20":0,"21":0,"22":0,"23":0,"24":0,"25":0,"26":0,"27":0,"28":0,"29":0,"30":0,"31":0},"b":{"0":[0,0],"1":[0,0],"2":[0,0],"3":[0,0],"4":[0,0],"5":[0,0],"6":[0,0],"7":[0,0],"8":[0,0],"9":[0,0],"10":[0,0],"11":[0,0],"12":[0,0],"13":[0,0],"14":[0,0],"15":[0,0],"16":[0,0],"17":[0,0],"18":[0,0],"19":[0],"20":[0],"21":[0],"22":[0],"23":[0],"24":[0],"25":[0,0,0,0,0,0,0,0],"26":[0,0],"27":[0,0],"28":[0,0],"29":[0,0],"30":[0,0],"31":[0,0]},"_coverageSchema":"1a1c01bbd47fc00a2c39e90264f33305004495a9","hash":"dcd5fe42fceaaea792002e3f938f52688517e5be"}
,"/Users/flyteng/Desktop/workspace/office/react-demo-project/src/validator.ts": {"path":"/Users/flyteng/Desktop/workspace/office/react-demo-project/src/validator.ts","statementMap":{"0":{"start":{"line":33,"column":37},"end":{"line":33,"column":39}},"1":{"start":{"line":34,"column":37},"end":{"line":34,"column":39}},"2":{"start":{"line":35,"column":39},"end":{"line":35,"column":41}},"3":{"start":{"line":36,"column":35},"end":{"line":36,"column":37}},"4":{"start":{"line":41,"column":8},"end":{"line":41,"column":25}},"5":{"start":{"line":42,"column":8},"end":{"line":42,"column":25}},"6":{"start":{"line":43,"column":21},"end":{"line":43,"column":38}},"7":{"start":{"line":44,"column":8},"end":{"line":51,"column":9}},"8":{"start":{"line":45,"column":24},"end":{"line":45,"column":42}},"9":{"start":{"line":46,"column":26},"end":{"line":46,"column":35}},"10":{"start":{"line":47,"column":24},"end":{"line":47,"column":53}},"11":{"start":{"line":48,"column":12},"end":{"line":50,"column":13}},"12":{"start":{"line":49,"column":16},"end":{"line":49,"column":39}},"13":{"start":{"line":52,"column":8},"end":{"line":52,"column":27}},"14":{"start":{"line":56,"column":32},"end":{"line":56,"column":48}},"15":{"start":{"line":57,"column":8},"end":{"line":59,"column":9}},"16":{"start":{"line":58,"column":12},"end":{"line":58,"column":29}},"17":{"start":{"line":60,"column":45},"end":{"line":63,"column":9}},"18":{"start":{"line":65,"column":8},"end":{"line":71,"column":9}},"19":{"start":{"line":66,"column":28},"end":{"line":66,"column":56}},"20":{"start":{"line":67,"column":12},"end":{"line":70,"column":13}},"21":{"start":{"line":68,"column":16},"end":{"line":68,"column":39}},"22":{"start":{"line":69,"column":16},"end":{"line":69,"column":50}},"23":{"start":{"line":73,"column":8},"end":{"line":73,"column":22}},"24":{"start":{"line":77,"column":8},"end":{"line":77,"column":36}},"25":{"start":{"line":78,"column":8},"end":{"line":82,"column":9}},"26":{"start":{"line":79,"column":12},"end":{"line":81,"column":13}},"27":{"start":{"line":80,"column":16},"end":{"line":80,"column":29}},"28":{"start":{"line":83,"column":8},"end":{"line":83,"column":20}},"29":{"start":{"line":88,"column":8},"end":{"line":91,"column":24}},"30":{"start":{"line":95,"column":8},"end":{"line":95,"column":25}},"31":{"start":{"line":101,"column":0},"end":{"line":106,"column":2}},"32":{"start":{"line":103,"column":8},"end":{"line":103,"column":28}},"33":{"start":{"line":108,"column":0},"end":{"line":113,"column":2}},"34":{"start":{"line":110,"column":8},"end":{"line":110,"column":58}},"35":{"start":{"line":115,"column":0},"end":{"line":120,"column":2}},"36":{"start":{"line":117,"column":8},"end":{"line":117,"column":40}},"37":{"start":{"line":122,"column":0},"end":{"line":127,"column":2}},"38":{"start":{"line":124,"column":8},"end":{"line":124,"column":63}},"39":{"start":{"line":129,"column":0},"end":{"line":134,"column":2}},"40":{"start":{"line":131,"column":8},"end":{"line":131,"column":75}},"41":{"start":{"line":136,"column":0},"end":{"line":141,"column":2}},"42":{"start":{"line":138,"column":8},"end":{"line":138,"column":58}}},"fnMap":{"0":{"name":"(anonymous_0)","decl":{"start":{"line":40,"column":4},"end":{"line":40,"column":5}},"loc":{"start":{"line":40,"column":64},"end":{"line":53,"column":5}},"line":40},"1":{"name":"(anonymous_1)","decl":{"start":{"line":55,"column":4},"end":{"line":55,"column":5}},"loc":{"start":{"line":55,"column":76},"end":{"line":74,"column":5}},"line":55},"2":{"name":"(anonymous_2)","decl":{"start":{"line":76,"column":4},"end":{"line":76,"column":5}},"loc":{"start":{"line":76,"column":61},"end":{"line":84,"column":5}},"line":76},"3":{"name":"(anonymous_3)","decl":{"start":{"line":87,"column":4},"end":{"line":87,"column":5}},"loc":{"start":{"line":87,"column":57},"end":{"line":92,"column":5}},"line":87},"4":{"name":"(anonymous_4)","decl":{"start":{"line":94,"column":4},"end":{"line":94,"column":5}},"loc":{"start":{"line":94,"column":25},"end":{"line":96,"column":5}},"line":94},"5":{"name":"(anonymous_5)","decl":{"start":{"line":102,"column":4},"end":{"line":102,"column":5}},"loc":{"start":{"line":102,"column":34},"end":{"line":104,"column":5}},"line":102},"6":{"name":"(anonymous_6)","decl":{"start":{"line":109,"column":4},"end":{"line":109,"column":5}},"loc":{"start":{"line":109,"column":27},"end":{"line":111,"column":5}},"line":109},"7":{"name":"(anonymous_7)","decl":{"start":{"line":116,"column":4},"end":{"line":116,"column":5}},"loc":{"start":{"line":116,"column":20},"end":{"line":118,"column":5}},"line":116},"8":{"name":"(anonymous_8)","decl":{"start":{"line":123,"column":4},"end":{"line":123,"column":5}},"loc":{"start":{"line":123,"column":20},"end":{"line":125,"column":5}},"line":123},"9":{"name":"(anonymous_9)","decl":{"start":{"line":130,"column":4},"end":{"line":130,"column":5}},"loc":{"start":{"line":130,"column":20},"end":{"line":132,"column":5}},"line":130},"10":{"name":"(anonymous_10)","decl":{"start":{"line":137,"column":4},"end":{"line":137,"column":5}},"loc":{"start":{"line":137,"column":20},"end":{"line":139,"column":5}},"line":137}},"branchMap":{"0":{"loc":{"start":{"line":45,"column":24},"end":{"line":45,"column":42}},"type":"binary-expr","locations":[{"start":{"line":45,"column":24},"end":{"line":45,"column":36}},{"start":{"line":45,"column":40},"end":{"line":45,"column":42}}],"line":45},"1":{"loc":{"start":{"line":48,"column":12},"end":{"line":50,"column":13}},"type":"if","locations":[{"start":{"line":48,"column":12},"end":{"line":50,"column":13}},{"start":{"line":48,"column":12},"end":{"line":50,"column":13}}],"line":48},"2":{"loc":{"start":{"line":57,"column":8},"end":{"line":59,"column":9}},"type":"if","locations":[{"start":{"line":57,"column":8},"end":{"line":59,"column":9}},{"start":{"line":57,"column":8},"end":{"line":59,"column":9}}],"line":57},"3":{"loc":{"start":{"line":57,"column":12},"end":{"line":57,"column":63}},"type":"binary-expr","locations":[{"start":{"line":57,"column":12},"end":{"line":57,"column":28}},{"start":{"line":57,"column":32},"end":{"line":57,"column":63}}],"line":57},"4":{"loc":{"start":{"line":67,"column":12},"end":{"line":70,"column":13}},"type":"if","locations":[{"start":{"line":67,"column":12},"end":{"line":70,"column":13}},{"start":{"line":67,"column":12},"end":{"line":70,"column":13}}],"line":67},"5":{"loc":{"start":{"line":76,"column":20},"end":{"line":76,"column":50}},"type":"default-arg","locations":[{"start":{"line":76,"column":48},"end":{"line":76,"column":50}}],"line":76},"6":{"loc":{"start":{"line":77,"column":8},"end":{"line":77,"column":35}},"type":"binary-expr","locations":[{"start":{"line":77,"column":8},"end":{"line":77,"column":12}},{"start":{"line":77,"column":16},"end":{"line":77,"column":35}}],"line":77},"7":{"loc":{"start":{"line":79,"column":12},"end":{"line":81,"column":13}},"type":"if","locations":[{"start":{"line":79,"column":12},"end":{"line":81,"column":13}},{"start":{"line":79,"column":12},"end":{"line":81,"column":13}}],"line":79},"8":{"loc":{"start":{"line":79,"column":16},"end":{"line":79,"column":77}},"type":"binary-expr","locations":[{"start":{"line":79,"column":16},"end":{"line":79,"column":47}},{"start":{"line":79,"column":51},"end":{"line":79,"column":77}}],"line":79},"9":{"loc":{"start":{"line":87,"column":37},"end":{"line":87,"column":47}},"type":"default-arg","locations":[{"start":{"line":87,"column":44},"end":{"line":87,"column":47}}],"line":87},"10":{"loc":{"start":{"line":88,"column":15},"end":{"line":91,"column":23}},"type":"binary-expr","locations":[{"start":{"line":88,"column":15},"end":{"line":88,"column":32}},{"start":{"line":88,"column":36},"end":{"line":91,"column":23}}],"line":88},"11":{"loc":{"start":{"line":110,"column":15},"end":{"line":110,"column":57}},"type":"binary-expr","locations":[{"start":{"line":110,"column":15},"end":{"line":110,"column":35}},{"start":{"line":110,"column":39},"end":{"line":110,"column":57}}],"line":110}},"s":{"0":1,"1":1,"2":1,"3":1,"4":17,"5":17,"6":17,"7":17,"8":23,"9":23,"10":23,"11":23,"12":23,"13":17,"14":23,"15":23,"16":0,"17":23,"18":23,"19":23,"20":23,"21":9,"22":9,"23":23,"24":17,"25":17,"26":22,"27":9,"28":8,"29":0,"30":1,"31":1,"32":5,"33":1,"34":6,"35":1,"36":6,"37":1,"38":2,"39":1,"40":2,"41":1,"42":2},"f":{"0":17,"1":23,"2":17,"3":0,"4":1,"5":5,"6":6,"7":6,"8":2,"9":2,"10":2},"b":{"0":[23,0],"1":[23,0],"2":[0,23],"3":[23,23],"4":[9,14],"5":[0],"6":[17,17],"7":[9,13],"8":[22,22],"9":[0],"10":[0,0],"11":[6,4]},"_coverageSchema":"1a1c01bbd47fc00a2c39e90264f33305004495a9","hash":"7b685ee9405ff23132d6c06c8ef7fd2f4c71e0b6"}
}
