TN:
SF:src/net.ts
FN:71,(anonymous_0)
FN:82,(anonymous_1)
FN:106,(anonymous_2)
FN:124,(anonymous_3)
FN:141,(anonymous_4)
FN:155,(anonymous_5)
FN:180,(anonymous_6)
FN:194,(anonymous_7)
FN:195,(anonymous_8)
FN:198,(anonymous_9)
FN:203,(anonymous_10)
FN:215,(anonymous_11)
FN:216,(anonymous_12)
FN:219,(anonymous_13)
FN:223,(anonymous_14)
FN:244,(anonymous_15)
FN:246,(anonymous_16)
FN:247,(anonymous_17)
FN:255,(anonymous_18)
FN:260,(anonymous_19)
FN:265,(anonymous_20)
FN:270,(anonymous_21)
FN:275,(anonymous_22)
FN:280,(anonymous_23)
FN:285,(anonymous_24)
FN:290,(anonymous_25)
FN:301,(anonymous_26)
FN:314,(anonymous_27)
FN:332,(anonymous_28)
FN:342,(anonymous_29)
FN:355,(anonymous_30)
FN:374,(anonymous_31)
FNF:32
FNH:2
FNDA:1,(anonymous_0)
FNDA:0,(anonymous_1)
FNDA:0,(anonymous_2)
FNDA:0,(anonymous_3)
FNDA:1,(anonymous_4)
FNDA:0,(anonymous_5)
FNDA:0,(anonymous_6)
FNDA:0,(anonymous_7)
FNDA:0,(anonymous_8)
FNDA:0,(anonymous_9)
FNDA:0,(anonymous_10)
FNDA:0,(anonymous_11)
FNDA:0,(anonymous_12)
FNDA:0,(anonymous_13)
FNDA:0,(anonymous_14)
FNDA:0,(anonymous_15)
FNDA:0,(anonymous_16)
FNDA:0,(anonymous_17)
FNDA:0,(anonymous_18)
FNDA:0,(anonymous_19)
FNDA:0,(anonymous_20)
FNDA:0,(anonymous_21)
FNDA:0,(anonymous_22)
FNDA:0,(anonymous_23)
FNDA:0,(anonymous_24)
FNDA:0,(anonymous_25)
FNDA:0,(anonymous_26)
FNDA:0,(anonymous_27)
FNDA:0,(anonymous_28)
FNDA:0,(anonymous_29)
FNDA:0,(anonymous_30)
FNDA:0,(anonymous_31)
DA:62,1
DA:69,1
DA:72,1
DA:83,0
DA:84,0
DA:86,0
DA:87,0
DA:88,0
DA:89,0
DA:91,0
DA:92,0
DA:93,0
DA:94,0
DA:96,0
DA:107,0
DA:108,0
DA:109,0
DA:110,0
DA:111,0
DA:112,0
DA:114,0
DA:125,0
DA:126,0
DA:127,0
DA:129,0
DA:130,0
DA:131,0
DA:142,1
DA:156,0
DA:157,0
DA:159,0
DA:162,0
DA:163,0
DA:165,0
DA:166,0
DA:168,0
DA:170,0
DA:181,0
DA:184,0
DA:185,0
DA:186,0
DA:187,0
DA:188,0
DA:191,0
DA:195,0
DA:196,0
DA:197,0
DA:198,0
DA:199,0
DA:200,0
DA:203,0
DA:204,0
DA:205,0
DA:207,0
DA:208,0
DA:209,0
DA:211,0
DA:216,0
DA:217,0
DA:218,0
DA:219,0
DA:220,0
DA:221,0
DA:223,0
DA:224,0
DA:225,0
DA:227,0
DA:228,0
DA:229,0
DA:231,0
DA:245,0
DA:246,0
DA:247,0
DA:248,0
DA:249,0
DA:250,0
DA:252,0
DA:255,0
DA:256,0
DA:261,0
DA:262,0
DA:266,0
DA:267,0
DA:271,0
DA:272,0
DA:276,0
DA:277,0
DA:281,0
DA:282,0
DA:286,0
DA:287,0
DA:293,0
DA:295,0
DA:301,0
DA:306,0
DA:314,0
DA:316,0
DA:317,0
DA:318,0
DA:319,0
DA:321,0
DA:324,0
DA:332,0
DA:334,0
DA:342,0
DA:344,0
DA:356,0
DA:357,0
DA:359,0
DA:360,0
DA:362,0
DA:376,0
DA:377,0
DA:378,0
DA:382,0
DA:383,0
DA:385,0
DA:387,0
LF:118
LH:4
BRDA:83,0,0,0
BRDA:83,0,1,0
BRDA:88,1,0,0
BRDA:88,1,1,0
BRDA:111,2,0,0
BRDA:111,2,1,0
BRDA:126,3,0,0
BRDA:126,3,1,0
BRDA:156,4,0,0
BRDA:156,4,1,0
BRDA:162,5,0,0
BRDA:162,5,1,0
BRDA:162,6,0,0
BRDA:162,6,1,0
BRDA:165,7,0,0
BRDA:165,7,1,0
BRDA:165,8,0,0
BRDA:165,8,1,0
BRDA:168,9,0,0
BRDA:168,9,1,0
BRDA:187,10,0,0
BRDA:187,10,1,0
BRDA:198,11,0,0
BRDA:198,11,1,0
BRDA:199,12,0,0
BRDA:199,12,1,0
BRDA:208,13,0,0
BRDA:208,13,1,0
BRDA:208,14,0,0
BRDA:208,14,1,0
BRDA:219,15,0,0
BRDA:219,15,1,0
BRDA:220,16,0,0
BRDA:220,16,1,0
BRDA:228,17,0,0
BRDA:228,17,1,0
BRDA:249,18,0,0
BRDA:249,18,1,0
BRDA:260,19,0,0
BRDA:265,20,0,0
BRDA:270,21,0,0
BRDA:275,22,0,0
BRDA:280,23,0,0
BRDA:285,24,0,0
BRDA:293,25,0,0
BRDA:293,25,1,0
BRDA:293,25,2,0
BRDA:293,25,3,0
BRDA:293,25,4,0
BRDA:293,25,5,0
BRDA:293,25,6,0
BRDA:293,25,7,0
BRDA:318,26,0,0
BRDA:318,26,1,0
BRDA:356,27,0,0
BRDA:356,27,1,0
BRDA:356,28,0,0
BRDA:356,28,1,0
BRDA:359,29,0,0
BRDA:359,29,1,0
BRDA:376,30,0,0
BRDA:376,30,1,0
BRDA:382,31,0,0
BRDA:382,31,1,0
BRF:64
BRH:0
end_of_record
TN:
SF:src/validator.ts
FN:40,(anonymous_0)
FN:55,(anonymous_1)
FN:76,(anonymous_2)
FN:87,(anonymous_3)
FN:94,(anonymous_4)
FN:102,(anonymous_5)
FN:109,(anonymous_6)
FN:116,(anonymous_7)
FN:123,(anonymous_8)
FN:130,(anonymous_9)
FN:137,(anonymous_10)
FNF:11
FNH:10
FNDA:17,(anonymous_0)
FNDA:23,(anonymous_1)
FNDA:17,(anonymous_2)
FNDA:0,(anonymous_3)
FNDA:1,(anonymous_4)
FNDA:5,(anonymous_5)
FNDA:6,(anonymous_6)
FNDA:6,(anonymous_7)
FNDA:2,(anonymous_8)
FNDA:2,(anonymous_9)
FNDA:2,(anonymous_10)
DA:33,1
DA:34,1
DA:35,1
DA:36,1
DA:41,17
DA:42,17
DA:43,17
DA:44,17
DA:45,23
DA:46,23
DA:47,23
DA:48,23
DA:49,23
DA:52,17
DA:56,23
DA:57,23
DA:58,0
DA:60,23
DA:65,23
DA:66,23
DA:67,23
DA:68,9
DA:69,9
DA:73,23
DA:77,17
DA:78,17
DA:79,22
DA:80,9
DA:83,8
DA:88,0
DA:95,1
DA:101,1
DA:103,5
DA:108,1
DA:110,6
DA:115,1
DA:117,6
DA:122,1
DA:124,2
DA:129,1
DA:131,2
DA:136,1
DA:138,2
LF:43
LH:41
BRDA:45,0,0,23
BRDA:45,0,1,0
BRDA:48,1,0,23
BRDA:48,1,1,0
BRDA:57,2,0,0
BRDA:57,2,1,23
BRDA:57,3,0,23
BRDA:57,3,1,23
BRDA:67,4,0,9
BRDA:67,4,1,14
BRDA:76,5,0,0
BRDA:77,6,0,17
BRDA:77,6,1,17
BRDA:79,7,0,9
BRDA:79,7,1,13
BRDA:79,8,0,22
BRDA:79,8,1,22
BRDA:87,9,0,0
BRDA:88,10,0,0
BRDA:88,10,1,0
BRDA:110,11,0,6
BRDA:110,11,1,4
BRF:22
BRH:15
end_of_record
