TN:
SF:src/net.ts
FN:96,(anonymous_0)
FN:107,(anonymous_1)
FN:131,(anonymous_2)
FN:149,(anonymous_3)
FN:166,(anonymous_4)
FN:180,(anonymous_5)
FN:205,(anonymous_6)
FN:219,(anonymous_7)
FN:220,(anonymous_8)
FN:223,(anonymous_9)
FN:228,(anonymous_10)
FN:240,(anonymous_11)
FN:241,(anonymous_12)
FN:244,(anonymous_13)
FN:248,(anonymous_14)
FN:269,(anonymous_15)
FN:273,(anonymous_16)
FN:274,(anonymous_17)
FN:309,(anonymous_18)
FN:310,(anonymous_19)
FN:311,(anonymous_20)
FN:313,(anonymous_21)
FN:316,(anonymous_22)
FN:318,(anonymous_23)
FN:331,(anonymous_24)
FN:336,(anonymous_25)
FN:341,(anonymous_26)
FN:346,(anonymous_27)
FN:351,(anonymous_28)
FN:356,(anonymous_29)
FN:361,(anonymous_30)
FN:372,(anonymous_31)
FN:385,(anonymous_32)
FN:403,(anonymous_33)
FN:413,(anonymous_34)
FN:426,(anonymous_35)
FN:446,(anonymous_36)
FNF:37
FNH:2
FNDA:1,(anonymous_0)
FNDA:0,(anonymous_1)
FNDA:0,(anonymous_2)
FNDA:0,(anonymous_3)
FNDA:1,(anonymous_4)
FNDA:0,(anonymous_5)
FNDA:0,(anonymous_6)
FNDA:0,(anonymous_7)
FNDA:0,(anonymous_8)
FNDA:0,(anonymous_9)
FNDA:0,(anonymous_10)
FNDA:0,(anonymous_11)
FNDA:0,(anonymous_12)
FNDA:0,(anonymous_13)
FNDA:0,(anonymous_14)
FNDA:0,(anonymous_15)
FNDA:0,(anonymous_16)
FNDA:0,(anonymous_17)
FNDA:0,(anonymous_18)
FNDA:0,(anonymous_19)
FNDA:0,(anonymous_20)
FNDA:0,(anonymous_21)
FNDA:0,(anonymous_22)
FNDA:0,(anonymous_23)
FNDA:0,(anonymous_24)
FNDA:0,(anonymous_25)
FNDA:0,(anonymous_26)
FNDA:0,(anonymous_27)
FNDA:0,(anonymous_28)
FNDA:0,(anonymous_29)
FNDA:0,(anonymous_30)
FNDA:0,(anonymous_31)
FNDA:0,(anonymous_32)
FNDA:0,(anonymous_33)
FNDA:0,(anonymous_34)
FNDA:0,(anonymous_35)
FNDA:0,(anonymous_36)
DA:86,1
DA:94,1
DA:97,1
DA:108,0
DA:109,0
DA:111,0
DA:112,0
DA:113,0
DA:114,0
DA:116,0
DA:117,0
DA:118,0
DA:119,0
DA:121,0
DA:132,0
DA:133,0
DA:134,0
DA:135,0
DA:136,0
DA:137,0
DA:139,0
DA:150,0
DA:151,0
DA:152,0
DA:154,0
DA:155,0
DA:156,0
DA:167,1
DA:181,0
DA:182,0
DA:184,0
DA:187,0
DA:188,0
DA:190,0
DA:191,0
DA:193,0
DA:195,0
DA:206,0
DA:209,0
DA:210,0
DA:211,0
DA:212,0
DA:213,0
DA:216,0
DA:220,0
DA:221,0
DA:222,0
DA:223,0
DA:224,0
DA:225,0
DA:228,0
DA:229,0
DA:230,0
DA:232,0
DA:233,0
DA:234,0
DA:236,0
DA:241,0
DA:242,0
DA:243,0
DA:244,0
DA:245,0
DA:246,0
DA:248,0
DA:249,0
DA:250,0
DA:252,0
DA:253,0
DA:254,0
DA:256,0
DA:270,0
DA:271,0
DA:273,0
DA:274,0
DA:275,0
DA:276,0
DA:277,0
DA:309,0
DA:310,0
DA:311,0
DA:312,0
DA:314,0
DA:317,0
DA:319,0
DA:320,0
DA:321,0
DA:322,0
DA:324,0
DA:328,0
DA:332,0
DA:333,0
DA:337,0
DA:338,0
DA:342,0
DA:343,0
DA:347,0
DA:348,0
DA:352,0
DA:353,0
DA:357,0
DA:358,0
DA:364,0
DA:366,0
DA:372,0
DA:377,0
DA:385,0
DA:387,0
DA:388,0
DA:389,0
DA:390,0
DA:392,0
DA:395,0
DA:403,0
DA:405,0
DA:413,0
DA:415,0
DA:427,0
DA:428,0
DA:429,0
DA:431,0
DA:432,0
DA:434,0
DA:448,0
DA:449,0
DA:450,0
DA:454,0
DA:455,0
DA:457,0
DA:459,0
LF:129
LH:4
BRDA:108,0,0,0
BRDA:108,0,1,0
BRDA:113,1,0,0
BRDA:113,1,1,0
BRDA:136,2,0,0
BRDA:136,2,1,0
BRDA:151,3,0,0
BRDA:151,3,1,0
BRDA:181,4,0,0
BRDA:181,4,1,0
BRDA:187,5,0,0
BRDA:187,5,1,0
BRDA:187,6,0,0
BRDA:187,6,1,0
BRDA:190,7,0,0
BRDA:190,7,1,0
BRDA:190,8,0,0
BRDA:190,8,1,0
BRDA:193,9,0,0
BRDA:193,9,1,0
BRDA:212,10,0,0
BRDA:212,10,1,0
BRDA:223,11,0,0
BRDA:223,11,1,0
BRDA:224,12,0,0
BRDA:224,12,1,0
BRDA:233,13,0,0
BRDA:233,13,1,0
BRDA:233,14,0,0
BRDA:233,14,1,0
BRDA:244,15,0,0
BRDA:244,15,1,0
BRDA:245,16,0,0
BRDA:245,16,1,0
BRDA:253,17,0,0
BRDA:253,17,1,0
BRDA:276,18,0,0
BRDA:276,18,1,0
BRDA:320,19,0,0
BRDA:320,19,1,0
BRDA:331,20,0,0
BRDA:336,21,0,0
BRDA:341,22,0,0
BRDA:346,23,0,0
BRDA:351,24,0,0
BRDA:356,25,0,0
BRDA:364,26,0,0
BRDA:364,26,1,0
BRDA:364,26,2,0
BRDA:364,26,3,0
BRDA:364,26,4,0
BRDA:364,26,5,0
BRDA:364,26,6,0
BRDA:364,26,7,0
BRDA:389,27,0,0
BRDA:389,27,1,0
BRDA:428,28,0,0
BRDA:428,28,1,0
BRDA:428,29,0,0
BRDA:428,29,1,0
BRDA:431,30,0,0
BRDA:431,30,1,0
BRDA:448,31,0,0
BRDA:448,31,1,0
BRDA:454,32,0,0
BRDA:454,32,1,0
BRF:66
BRH:0
end_of_record
